<?xml version="1.0" encoding="UTF-8"?>
<coverage generated="1508205359085" clover="3.2.0">
  <project timestamp="1508205359085" name="All files">
    <metrics statements="68" coveredstatements="41" conditionals="32" coveredconditionals="14" methods="41" coveredmethods="20" elements="141" coveredelements="75" complexity="0" loc="68" ncloc="68" packages="4" files="6" classes="6">
      <package name="src">
        <metrics statements="22" coveredstatements="0" conditionals="10" coveredconditionals="0" methods="18" coveredmethods="0"/>
        <file name="App.js" path="/Volumes/data/Nanodegree/React/apps/myreads/src/App.js">
          <metrics statements="22" coveredstatements="0" conditionals="10" coveredconditionals="0" methods="18" coveredmethods="0"/>
          <line num="15" count="0" type="stmt"/>
          <line num="16" count="0" type="cond" truecount="0" falsecount="2"/>
          <line num="17" count="0" type="stmt"/>
          <line num="22" count="0" type="stmt"/>
          <line num="23" count="0" type="stmt"/>
          <line num="25" count="0" type="stmt"/>
          <line num="26" count="0" type="stmt"/>
          <line num="32" count="0" type="stmt"/>
          <line num="35" count="0" type="cond" truecount="0" falsecount="4"/>
          <line num="37" count="0" type="stmt"/>
          <line num="38" count="0" type="cond" truecount="0" falsecount="4"/>
          <line num="40" count="0" type="stmt"/>
          <line num="43" count="0" type="stmt"/>
          <line num="48" count="0" type="stmt"/>
          <line num="49" count="0" type="stmt"/>
          <line num="55" count="0" type="stmt"/>
          <line num="56" count="0" type="stmt"/>
          <line num="62" count="0" type="stmt"/>
          <line num="63" count="0" type="stmt"/>
          <line num="68" count="0" type="stmt"/>
          <line num="74" count="0" type="stmt"/>
          <line num="83" count="0" type="stmt"/>
        </file>
      </package>
      <package name="src.components">
        <metrics statements="20" coveredstatements="20" conditionals="12" coveredconditionals="9" methods="11" coveredmethods="11"/>
        <file name="Book.js" path="/Volumes/data/Nanodegree/React/apps/myreads/src/components/Book.js">
          <metrics statements="15" coveredstatements="15" conditionals="12" coveredconditionals="9" methods="8" coveredmethods="8"/>
          <line num="13" count="8" type="stmt"/>
          <line num="17" count="1" type="stmt"/>
          <line num="21" count="2" type="stmt"/>
          <line num="25" count="2" type="cond" truecount="1" falsecount="1"/>
          <line num="26" count="2" type="stmt"/>
          <line num="31" count="1" type="stmt"/>
          <line num="33" count="1" type="stmt"/>
          <line num="40" count="12" type="stmt"/>
          <line num="41" count="12" type="cond" truecount="1" falsecount="1"/>
          <line num="43" count="12" type="cond" truecount="3" falsecount="1"/>
          <line num="47" count="12" type="stmt"/>
          <line num="64" count="1" type="stmt"/>
          <line num="70" count="36" type="stmt"/>
          <line num="85" count="5" type="stmt"/>
          <line num="91" count="5" type="stmt"/>
        </file>
        <file name="Bookshelf.js" path="/Volumes/data/Nanodegree/React/apps/myreads/src/components/Bookshelf.js">
          <metrics statements="5" coveredstatements="5" conditionals="0" coveredconditionals="0" methods="3" coveredmethods="3"/>
          <line num="5" count="3" type="stmt"/>
          <line num="6" count="6" type="stmt"/>
          <line num="8" count="2" type="stmt"/>
          <line num="14" count="4" type="stmt"/>
          <line num="24" count="3" type="stmt"/>
        </file>
      </package>
      <package name="src.pages">
        <metrics statements="25" coveredstatements="20" conditionals="10" coveredconditionals="5" methods="12" coveredmethods="9"/>
        <file name="HomePage.js" path="/Volumes/data/Nanodegree/React/apps/myreads/src/pages/HomePage.js">
          <metrics statements="4" coveredstatements="4" conditionals="0" coveredconditionals="0" methods="2" coveredmethods="2"/>
          <line num="7" count="2" type="stmt"/>
          <line num="8" count="3" type="stmt"/>
          <line num="15" count="9" type="stmt"/>
          <line num="31" count="2" type="stmt"/>
        </file>
        <file name="SearchPage.js" path="/Volumes/data/Nanodegree/React/apps/myreads/src/pages/SearchPage.js">
          <metrics statements="21" coveredstatements="16" conditionals="10" coveredconditionals="5" methods="10" coveredmethods="7"/>
          <line num="15" count="7" type="stmt"/>
          <line num="16" count="7" type="stmt"/>
          <line num="20" count="2" type="stmt"/>
          <line num="22" count="2" type="cond" truecount="2" falsecount="0"/>
          <line num="23" count="1" type="stmt"/>
          <line num="25" count="1" type="stmt"/>
          <line num="31" count="0" type="cond" truecount="0" falsecount="2"/>
          <line num="33" count="0" type="stmt"/>
          <line num="37" count="0" type="cond" truecount="0" falsecount="2"/>
          <line num="38" count="0" type="stmt"/>
          <line num="40" count="0" type="stmt"/>
          <line num="45" count="1" type="stmt"/>
          <line num="51" count="12" type="stmt"/>
          <line num="53" count="12" type="stmt"/>
          <line num="54" count="2" type="cond" truecount="2" falsecount="0"/>
          <line num="55" count="2" type="cond" truecount="1" falsecount="1"/>
          <line num="57" count="2" type="stmt"/>
          <line num="60" count="12" type="stmt"/>
          <line num="79" count="1" type="stmt"/>
          <line num="86" count="2" type="stmt"/>
          <line num="101" count="2" type="stmt"/>
        </file>
      </package>
      <package name="src.utils">
        <metrics statements="1" coveredstatements="1" conditionals="0" coveredconditionals="0" methods="0" coveredmethods="0"/>
        <file name="constants.js" path="/Volumes/data/Nanodegree/React/apps/myreads/src/utils/constants.js">
          <metrics statements="1" coveredstatements="1" conditionals="0" coveredconditionals="0" methods="0" coveredmethods="0"/>
          <line num="1" count="5" type="stmt"/>
        </file>
      </package>
    </metrics>
  </project>
</coverage>
