{"/Volumes/data/Nanodegree/React/apps/myreads/src/App.js": {"path":"/Volumes/data/Nanodegree/React/apps/myreads/src/App.js","statementMap":{"0":{"start":{"line":15,"column":4},"end":{"line":18,"column":7}},"1":{"start":{"line":16,"column":6},"end":{"line":17,"column":33}},"2":{"start":{"line":17,"column":8},"end":{"line":17,"column":33}},"3":{"start":{"line":22,"column":4},"end":{"line":29,"column":7}},"4":{"start":{"line":23,"column":6},"end":{"line":28,"column":23}},"5":{"start":{"line":25,"column":10},"end":{"line":25,"column":43}},"6":{"start":{"line":26,"column":10},"end":{"line":26,"column":20}},"7":{"start":{"line":32,"column":29},"end":{"line":32,"column":77}},"8":{"start":{"line":32,"column":61},"end":{"line":32,"column":76}},"9":{"start":{"line":35,"column":4},"end":{"line":44,"column":5}},"10":{"start":{"line":37,"column":6},"end":{"line":37,"column":40}},"11":{"start":{"line":38,"column":11},"end":{"line":44,"column":5}},"12":{"start":{"line":40,"column":6},"end":{"line":40,"column":45}},"13":{"start":{"line":43,"column":6},"end":{"line":43,"column":41}},"14":{"start":{"line":48,"column":4},"end":{"line":48,"column":23}},"15":{"start":{"line":49,"column":4},"end":{"line":51,"column":8}},"16":{"start":{"line":49,"column":28},"end":{"line":51,"column":5}},"17":{"start":{"line":55,"column":18},"end":{"line":55,"column":46}},"18":{"start":{"line":56,"column":4},"end":{"line":58,"column":8}},"19":{"start":{"line":56,"column":28},"end":{"line":58,"column":5}},"20":{"start":{"line":62,"column":4},"end":{"line":64,"column":8}},"21":{"start":{"line":62,"column":28},"end":{"line":64,"column":5}},"22":{"start":{"line":63,"column":37},"end":{"line":63,"column":53}},"23":{"start":{"line":68,"column":4},"end":{"line":90,"column":6}},"24":{"start":{"line":74,"column":12},"end":{"line":77,"column":14}},"25":{"start":{"line":83,"column":12},"end":{"line":86,"column":14}}},"fnMap":{"0":{"name":"(anonymous_0)","decl":{"start":{"line":14,"column":2},"end":{"line":14,"column":3}},"loc":{"start":{"line":14,"column":22},"end":{"line":19,"column":3}},"line":14},"1":{"name":"(anonymous_1)","decl":{"start":{"line":15,"column":27},"end":{"line":15,"column":28}},"loc":{"start":{"line":15,"column":36},"end":{"line":18,"column":5}},"line":15},"2":{"name":"(anonymous_2)","decl":{"start":{"line":21,"column":16},"end":{"line":21,"column":17}},"loc":{"start":{"line":21,"column":33},"end":{"line":30,"column":3}},"line":21},"3":{"name":"(anonymous_3)","decl":{"start":{"line":22,"column":23},"end":{"line":22,"column":24}},"loc":{"start":{"line":22,"column":44},"end":{"line":29,"column":5}},"line":22},"4":{"name":"(anonymous_4)","decl":{"start":{"line":24,"column":14},"end":{"line":24,"column":15}},"loc":{"start":{"line":24,"column":21},"end":{"line":27,"column":9}},"line":24},"5":{"name":"(anonymous_5)","decl":{"start":{"line":32,"column":19},"end":{"line":32,"column":20}},"loc":{"start":{"line":32,"column":29},"end":{"line":32,"column":77}},"line":32},"6":{"name":"(anonymous_6)","decl":{"start":{"line":32,"column":56},"end":{"line":32,"column":57}},"loc":{"start":{"line":32,"column":61},"end":{"line":32,"column":76}},"line":32},"7":{"name":"(anonymous_7)","decl":{"start":{"line":34,"column":14},"end":{"line":34,"column":15}},"loc":{"start":{"line":34,"column":40},"end":{"line":45,"column":3}},"line":34},"8":{"name":"(anonymous_8)","decl":{"start":{"line":47,"column":20},"end":{"line":47,"column":21}},"loc":{"start":{"line":47,"column":37},"end":{"line":52,"column":3}},"line":47},"9":{"name":"(anonymous_9)","decl":{"start":{"line":49,"column":18},"end":{"line":49,"column":19}},"loc":{"start":{"line":49,"column":28},"end":{"line":51,"column":5}},"line":49},"10":{"name":"(anonymous_10)","decl":{"start":{"line":54,"column":21},"end":{"line":54,"column":22}},"loc":{"start":{"line":54,"column":38},"end":{"line":59,"column":3}},"line":54},"11":{"name":"(anonymous_11)","decl":{"start":{"line":56,"column":18},"end":{"line":56,"column":19}},"loc":{"start":{"line":56,"column":28},"end":{"line":58,"column":5}},"line":56},"12":{"name":"(anonymous_12)","decl":{"start":{"line":61,"column":25},"end":{"line":61,"column":26}},"loc":{"start":{"line":61,"column":42},"end":{"line":65,"column":3}},"line":61},"13":{"name":"(anonymous_13)","decl":{"start":{"line":62,"column":18},"end":{"line":62,"column":19}},"loc":{"start":{"line":62,"column":28},"end":{"line":64,"column":5}},"line":62},"14":{"name":"(anonymous_14)","decl":{"start":{"line":63,"column":32},"end":{"line":63,"column":33}},"loc":{"start":{"line":63,"column":37},"end":{"line":63,"column":53}},"line":63},"15":{"name":"(anonymous_15)","decl":{"start":{"line":67,"column":2},"end":{"line":67,"column":3}},"loc":{"start":{"line":67,"column":11},"end":{"line":91,"column":3}},"line":67},"16":{"name":"(anonymous_16)","decl":{"start":{"line":73,"column":18},"end":{"line":73,"column":19}},"loc":{"start":{"line":74,"column":12},"end":{"line":77,"column":14}},"line":74},"17":{"name":"(anonymous_17)","decl":{"start":{"line":82,"column":18},"end":{"line":82,"column":19}},"loc":{"start":{"line":83,"column":12},"end":{"line":86,"column":14}},"line":83}},"branchMap":{"0":{"loc":{"start":{"line":16,"column":6},"end":{"line":17,"column":33}},"type":"if","locations":[{"start":{"line":16,"column":6},"end":{"line":17,"column":33}},{"start":{"line":16,"column":6},"end":{"line":17,"column":33}}],"line":16},"1":{"loc":{"start":{"line":35,"column":4},"end":{"line":44,"column":5}},"type":"if","locations":[{"start":{"line":35,"column":4},"end":{"line":44,"column":5}},{"start":{"line":35,"column":4},"end":{"line":44,"column":5}}],"line":35},"2":{"loc":{"start":{"line":35,"column":8},"end":{"line":35,"column":65}},"type":"binary-expr","locations":[{"start":{"line":35,"column":8},"end":{"line":35,"column":29}},{"start":{"line":35,"column":33},"end":{"line":35,"column":65}}],"line":35},"3":{"loc":{"start":{"line":38,"column":11},"end":{"line":44,"column":5}},"type":"if","locations":[{"start":{"line":38,"column":11},"end":{"line":44,"column":5}},{"start":{"line":38,"column":11},"end":{"line":44,"column":5}}],"line":38},"4":{"loc":{"start":{"line":38,"column":15},"end":{"line":38,"column":73}},"type":"binary-expr","locations":[{"start":{"line":38,"column":15},"end":{"line":38,"column":31}},{"start":{"line":38,"column":35},"end":{"line":38,"column":73}}],"line":38}},"s":{"0":0,"1":0,"2":0,"3":0,"4":0,"5":0,"6":0,"7":0,"8":0,"9":0,"10":0,"11":0,"12":0,"13":0,"14":0,"15":0,"16":0,"17":0,"18":0,"19":0,"20":0,"21":0,"22":0,"23":0,"24":0,"25":0},"f":{"0":0,"1":0,"2":0,"3":0,"4":0,"5":0,"6":0,"7":0,"8":0,"9":0,"10":0,"11":0,"12":0,"13":0,"14":0,"15":0,"16":0,"17":0},"b":{"0":[0,0],"1":[0,0],"2":[0,0],"3":[0,0],"4":[0,0]},"_coverageSchema":"332fd63041d2c1bcb487cc26dd0d5f7d97098a6c","hash":"b372cfb3bfbfe7046b9d519bc2f38a9212499417"}
,"/Volumes/data/Nanodegree/React/apps/myreads/src/components/Book.js": {"path":"/Volumes/data/Nanodegree/React/apps/myreads/src/components/Book.js","statementMap":{"0":{"start":{"line":13,"column":4},"end":{"line":13,"column":27}},"1":{"start":{"line":17,"column":4},"end":{"line":17,"column":28}},"2":{"start":{"line":21,"column":4},"end":{"line":21,"column":38}},"3":{"start":{"line":25,"column":4},"end":{"line":27,"column":5}},"4":{"start":{"line":26,"column":6},"end":{"line":26,"column":41}},"5":{"start":{"line":31,"column":4},"end":{"line":31,"column":23}},"6":{"start":{"line":33,"column":4},"end":{"line":36,"column":33}},"7":{"start":{"line":40,"column":46},"end":{"line":40,"column":56}},"8":{"start":{"line":41,"column":20},"end":{"line":41,"column":38}},"9":{"start":{"line":43,"column":6},"end":{"line":45,"column":12}},"10":{"start":{"line":47,"column":4},"end":{"line":81,"column":6}},"11":{"start":{"line":64,"column":29},"end":{"line":64,"column":67}},"12":{"start":{"line":70,"column":16},"end":{"line":72,"column":25}},"13":{"start":{"line":85,"column":0},"end":{"line":89,"column":2}},"14":{"start":{"line":91,"column":0},"end":{"line":97,"column":2}}},"fnMap":{"0":{"name":"(anonymous_0)","decl":{"start":{"line":12,"column":2},"end":{"line":12,"column":3}},"loc":{"start":{"line":12,"column":22},"end":{"line":14,"column":3}},"line":12},"1":{"name":"(anonymous_1)","decl":{"start":{"line":16,"column":2},"end":{"line":16,"column":3}},"loc":{"start":{"line":16,"column":25},"end":{"line":18,"column":3}},"line":16},"2":{"name":"(anonymous_2)","decl":{"start":{"line":20,"column":16},"end":{"line":20,"column":17}},"loc":{"start":{"line":20,"column":22},"end":{"line":22,"column":3}},"line":20},"3":{"name":"(anonymous_3)","decl":{"start":{"line":24,"column":16},"end":{"line":24,"column":17}},"loc":{"start":{"line":24,"column":22},"end":{"line":28,"column":3}},"line":24},"4":{"name":"(anonymous_4)","decl":{"start":{"line":30,"column":2},"end":{"line":30,"column":3}},"loc":{"start":{"line":30,"column":27},"end":{"line":37,"column":3}},"line":30},"5":{"name":"(anonymous_5)","decl":{"start":{"line":39,"column":2},"end":{"line":39,"column":3}},"loc":{"start":{"line":39,"column":11},"end":{"line":82,"column":3}},"line":39},"6":{"name":"(anonymous_6)","decl":{"start":{"line":64,"column":24},"end":{"line":64,"column":25}},"loc":{"start":{"line":64,"column":29},"end":{"line":64,"column":67}},"line":64},"7":{"name":"(anonymous_7)","decl":{"start":{"line":69,"column":31},"end":{"line":69,"column":32}},"loc":{"start":{"line":70,"column":16},"end":{"line":72,"column":25}},"line":70}},"branchMap":{"0":{"loc":{"start":{"line":25,"column":4},"end":{"line":27,"column":5}},"type":"if","locations":[{"start":{"line":25,"column":4},"end":{"line":27,"column":5}},{"start":{"line":25,"column":4},"end":{"line":27,"column":5}}],"line":25},"1":{"loc":{"start":{"line":41,"column":20},"end":{"line":41,"column":38}},"type":"binary-expr","locations":[{"start":{"line":41,"column":20},"end":{"line":41,"column":32}},{"start":{"line":41,"column":36},"end":{"line":41,"column":38}}],"line":41},"2":{"loc":{"start":{"line":43,"column":6},"end":{"line":45,"column":12}},"type":"cond-expr","locations":[{"start":{"line":44,"column":10},"end":{"line":44,"column":35}},{"start":{"line":45,"column":10},"end":{"line":45,"column":12}}],"line":43},"3":{"loc":{"start":{"line":43,"column":6},"end":{"line":43,"column":50}},"type":"binary-expr","locations":[{"start":{"line":43,"column":6},"end":{"line":43,"column":21}},{"start":{"line":43,"column":25},"end":{"line":43,"column":50}}],"line":43},"4":{"loc":{"start":{"line":59,"column":45},"end":{"line":60,"column":43}},"type":"binary-expr","locations":[{"start":{"line":59,"column":45},"end":{"line":59,"column":64}},{"start":{"line":60,"column":14},"end":{"line":60,"column":43}}],"line":59},"5":{"loc":{"start":{"line":74,"column":15},"end":{"line":74,"column":62}},"type":"binary-expr","locations":[{"start":{"line":74,"column":15},"end":{"line":74,"column":24}},{"start":{"line":74,"column":28},"end":{"line":74,"column":62}}],"line":74}},"s":{"0":8,"1":1,"2":2,"3":2,"4":2,"5":1,"6":1,"7":12,"8":12,"9":12,"10":12,"11":1,"12":36,"13":5,"14":5},"f":{"0":8,"1":1,"2":2,"3":2,"4":1,"5":12,"6":1,"7":36},"b":{"0":[2,0],"1":[12,0],"2":[12,0],"3":[12,12],"4":[12,2],"5":[12,11]},"_coverageSchema":"332fd63041d2c1bcb487cc26dd0d5f7d97098a6c","hash":"a9b68162ae6893a627319fd50de0811ee2c0982e"}
,"/Volumes/data/Nanodegree/React/apps/myreads/src/components/Bookshelf.js": {"path":"/Volumes/data/Nanodegree/React/apps/myreads/src/components/Bookshelf.js","statementMap":{"0":{"start":{"line":5,"column":18},"end":{"line":22,"column":1}},"1":{"start":{"line":6,"column":23},"end":{"line":6,"column":62}},"2":{"start":{"line":6,"column":44},"end":{"line":6,"column":61}},"3":{"start":{"line":8,"column":2},"end":{"line":21,"column":4}},"4":{"start":{"line":14,"column":12},"end":{"line":16,"column":17}},"5":{"start":{"line":24,"column":0},"end":{"line":29,"column":2}}},"fnMap":{"0":{"name":"(anonymous_0)","decl":{"start":{"line":5,"column":18},"end":{"line":5,"column":19}},"loc":{"start":{"line":5,"column":59},"end":{"line":22,"column":1}},"line":5},"1":{"name":"(anonymous_1)","decl":{"start":{"line":6,"column":36},"end":{"line":6,"column":37}},"loc":{"start":{"line":6,"column":44},"end":{"line":6,"column":61}},"line":6},"2":{"name":"(anonymous_2)","decl":{"start":{"line":13,"column":28},"end":{"line":13,"column":29}},"loc":{"start":{"line":14,"column":12},"end":{"line":16,"column":17}},"line":14}},"branchMap":{},"s":{"0":3,"1":2,"2":6,"3":2,"4":4,"5":3},"f":{"0":2,"1":6,"2":4},"b":{},"_coverageSchema":"332fd63041d2c1bcb487cc26dd0d5f7d97098a6c","hash":"60068269c7ed01277868360287c0f9eeec7e583b"}
,"/Volumes/data/Nanodegree/React/apps/myreads/src/pages/HomePage.js": {"path":"/Volumes/data/Nanodegree/React/apps/myreads/src/pages/HomePage.js","statementMap":{"0":{"start":{"line":7,"column":17},"end":{"line":29,"column":1}},"1":{"start":{"line":8,"column":2},"end":{"line":28,"column":4}},"2":{"start":{"line":15,"column":12},"end":{"line":21,"column":14}},"3":{"start":{"line":31,"column":0},"end":{"line":34,"column":2}}},"fnMap":{"0":{"name":"(anonymous_0)","decl":{"start":{"line":7,"column":17},"end":{"line":7,"column":18}},"loc":{"start":{"line":7,"column":47},"end":{"line":29,"column":1}},"line":7},"1":{"name":"(anonymous_1)","decl":{"start":{"line":14,"column":27},"end":{"line":14,"column":28}},"loc":{"start":{"line":15,"column":12},"end":{"line":21,"column":14}},"line":15}},"branchMap":{},"s":{"0":2,"1":3,"2":9,"3":2},"f":{"0":3,"1":9},"b":{},"_coverageSchema":"332fd63041d2c1bcb487cc26dd0d5f7d97098a6c","hash":"f4f7778ae5417a0148ceb4fbfa33e01abaf15bcf"}
,"/Volumes/data/Nanodegree/React/apps/myreads/src/pages/SearchPage.js": {"path":"/Volumes/data/Nanodegree/React/apps/myreads/src/pages/SearchPage.js","statementMap":{"0":{"start":{"line":15,"column":4},"end":{"line":15,"column":12}},"1":{"start":{"line":16,"column":4},"end":{"line":16,"column":45}},"2":{"start":{"line":20,"column":4},"end":{"line":20,"column":36}},"3":{"start":{"line":22,"column":4},"end":{"line":26,"column":5}},"4":{"start":{"line":23,"column":6},"end":{"line":23,"column":19}},"5":{"start":{"line":25,"column":6},"end":{"line":25,"column":25}},"6":{"start":{"line":31,"column":4},"end":{"line":31,"column":43}},"7":{"start":{"line":31,"column":36},"end":{"line":31,"column":43}},"8":{"start":{"line":33,"column":4},"end":{"line":41,"column":7}},"9":{"start":{"line":37,"column":6},"end":{"line":39,"column":7}},"10":{"start":{"line":38,"column":8},"end":{"line":38,"column":28}},"11":{"start":{"line":40,"column":6},"end":{"line":40,"column":33}},"12":{"start":{"line":45,"column":4},"end":{"line":47,"column":7}},"13":{"start":{"line":51,"column":39},"end":{"line":51,"column":49}},"14":{"start":{"line":53,"column":20},"end":{"line":58,"column":6}},"15":{"start":{"line":54,"column":21},"end":{"line":54,"column":62}},"16":{"start":{"line":54,"column":39},"end":{"line":54,"column":55}},"17":{"start":{"line":55,"column":6},"end":{"line":55,"column":58}},"18":{"start":{"line":57,"column":6},"end":{"line":57,"column":18}},"19":{"start":{"line":60,"column":4},"end":{"line":97,"column":6}},"20":{"start":{"line":79,"column":33},"end":{"line":79,"column":69}},"21":{"start":{"line":86,"column":14},"end":{"line":92,"column":19}},"22":{"start":{"line":101,"column":0},"end":{"line":104,"column":2}}},"fnMap":{"0":{"name":"(anonymous_0)","decl":{"start":{"line":14,"column":2},"end":{"line":14,"column":3}},"loc":{"start":{"line":14,"column":16},"end":{"line":17,"column":3}},"line":14},"1":{"name":"(anonymous_1)","decl":{"start":{"line":19,"column":16},"end":{"line":19,"column":17}},"loc":{"start":{"line":19,"column":25},"end":{"line":27,"column":3}},"line":19},"2":{"name":"(anonymous_2)","decl":{"start":{"line":29,"column":11},"end":{"line":29,"column":12}},"loc":{"start":{"line":29,"column":20},"end":{"line":42,"column":3}},"line":29},"3":{"name":"(anonymous_3)","decl":{"start":{"line":36,"column":11},"end":{"line":36,"column":12}},"loc":{"start":{"line":36,"column":22},"end":{"line":41,"column":5}},"line":36},"4":{"name":"(anonymous_4)","decl":{"start":{"line":44,"column":10},"end":{"line":44,"column":11}},"loc":{"start":{"line":44,"column":16},"end":{"line":48,"column":3}},"line":44},"5":{"name":"(anonymous_5)","decl":{"start":{"line":50,"column":2},"end":{"line":50,"column":3}},"loc":{"start":{"line":50,"column":11},"end":{"line":98,"column":3}},"line":50},"6":{"name":"(anonymous_6)","decl":{"start":{"line":53,"column":43},"end":{"line":53,"column":44}},"loc":{"start":{"line":53,"column":51},"end":{"line":58,"column":5}},"line":53},"7":{"name":"(anonymous_7)","decl":{"start":{"line":54,"column":34},"end":{"line":54,"column":35}},"loc":{"start":{"line":54,"column":39},"end":{"line":54,"column":55}},"line":54},"8":{"name":"(anonymous_8)","decl":{"start":{"line":79,"column":24},"end":{"line":79,"column":25}},"loc":{"start":{"line":79,"column":33},"end":{"line":79,"column":69}},"line":79},"9":{"name":"(anonymous_9)","decl":{"start":{"line":85,"column":25},"end":{"line":85,"column":26}},"loc":{"start":{"line":86,"column":14},"end":{"line":92,"column":19}},"line":86}},"branchMap":{"0":{"loc":{"start":{"line":22,"column":4},"end":{"line":26,"column":5}},"type":"if","locations":[{"start":{"line":22,"column":4},"end":{"line":26,"column":5}},{"start":{"line":22,"column":4},"end":{"line":26,"column":5}}],"line":22},"1":{"loc":{"start":{"line":31,"column":4},"end":{"line":31,"column":43}},"type":"if","locations":[{"start":{"line":31,"column":4},"end":{"line":31,"column":43}},{"start":{"line":31,"column":4},"end":{"line":31,"column":43}}],"line":31},"2":{"loc":{"start":{"line":37,"column":6},"end":{"line":39,"column":7}},"type":"if","locations":[{"start":{"line":37,"column":6},"end":{"line":39,"column":7}},{"start":{"line":37,"column":6},"end":{"line":39,"column":7}}],"line":37},"3":{"loc":{"start":{"line":54,"column":21},"end":{"line":54,"column":62}},"type":"binary-expr","locations":[{"start":{"line":54,"column":21},"end":{"line":54,"column":56}},{"start":{"line":54,"column":60},"end":{"line":54,"column":62}}],"line":54},"4":{"loc":{"start":{"line":55,"column":19},"end":{"line":55,"column":57}},"type":"cond-expr","locations":[{"start":{"line":55,"column":36},"end":{"line":55,"column":48}},{"start":{"line":55,"column":51},"end":{"line":55,"column":57}}],"line":55}},"s":{"0":7,"1":7,"2":2,"3":2,"4":1,"5":1,"6":0,"7":0,"8":0,"9":0,"10":0,"11":0,"12":1,"13":12,"14":12,"15":2,"16":0,"17":2,"18":2,"19":12,"20":1,"21":2,"22":2},"f":{"0":7,"1":2,"2":0,"3":0,"4":1,"5":12,"6":2,"7":0,"8":1,"9":2},"b":{"0":[1,1],"1":[0,0],"2":[0,0],"3":[2,2],"4":[0,2]},"_coverageSchema":"332fd63041d2c1bcb487cc26dd0d5f7d97098a6c","hash":"d605aa299bd06644089d115c4ddf17aa6295039e"}
,"/Volumes/data/Nanodegree/React/apps/myreads/src/utils/constants.js": {"path":"/Volumes/data/Nanodegree/React/apps/myreads/src/utils/constants.js","statementMap":{"0":{"start":{"line":1,"column":27},"end":{"line":14,"column":1}}},"fnMap":{},"branchMap":{},"s":{"0":5},"f":{},"b":{},"_coverageSchema":"332fd63041d2c1bcb487cc26dd0d5f7d97098a6c","hash":"bc832a8b6b4cd1d46674f3b0cfa04b06ba6a2c03"}
}
