TN:
SF:/Volumes/data/Nanodegree/React/apps/myreads/src/App.js
FN:14,(anonymous_0)
FN:15,(anonymous_1)
FN:21,(anonymous_2)
FN:22,(anonymous_3)
FN:24,(anonymous_4)
FN:32,(anonymous_5)
FN:32,(anonymous_6)
FN:34,(anonymous_7)
FN:47,(anonymous_8)
FN:49,(anonymous_9)
FN:54,(anonymous_10)
FN:56,(anonymous_11)
FN:61,(anonymous_12)
FN:62,(anonymous_13)
FN:63,(anonymous_14)
FN:67,(anonymous_15)
FN:73,(anonymous_16)
FN:82,(anonymous_17)
FNF:18
FNH:0
FNDA:0,(anonymous_0)
FNDA:0,(anonymous_1)
FNDA:0,(anonymous_2)
FNDA:0,(anonymous_3)
FNDA:0,(anonymous_4)
FNDA:0,(anonymous_5)
FNDA:0,(anonymous_6)
FNDA:0,(anonymous_7)
FNDA:0,(anonymous_8)
FNDA:0,(anonymous_9)
FNDA:0,(anonymous_10)
FNDA:0,(anonymous_11)
FNDA:0,(anonymous_12)
FNDA:0,(anonymous_13)
FNDA:0,(anonymous_14)
FNDA:0,(anonymous_15)
FNDA:0,(anonymous_16)
FNDA:0,(anonymous_17)
DA:15,0
DA:16,0
DA:17,0
DA:22,0
DA:23,0
DA:25,0
DA:26,0
DA:32,0
DA:35,0
DA:37,0
DA:38,0
DA:40,0
DA:43,0
DA:48,0
DA:49,0
DA:55,0
DA:56,0
DA:62,0
DA:63,0
DA:68,0
DA:74,0
DA:83,0
LF:22
LH:0
BRDA:16,0,0,0
BRDA:16,0,1,0
BRDA:35,1,0,0
BRDA:35,1,1,0
BRDA:35,2,0,0
BRDA:35,2,1,0
BRDA:38,3,0,0
BRDA:38,3,1,0
BRDA:38,4,0,0
BRDA:38,4,1,0
BRF:10
BRH:0
end_of_record
TN:
SF:/Volumes/data/Nanodegree/React/apps/myreads/src/components/Book.js
FN:12,(anonymous_0)
FN:16,(anonymous_1)
FN:20,(anonymous_2)
FN:24,(anonymous_3)
FN:30,(anonymous_4)
FN:39,(anonymous_5)
FN:64,(anonymous_6)
FN:69,(anonymous_7)
FNF:8
FNH:8
FNDA:8,(anonymous_0)
FNDA:1,(anonymous_1)
FNDA:2,(anonymous_2)
FNDA:2,(anonymous_3)
FNDA:1,(anonymous_4)
FNDA:12,(anonymous_5)
FNDA:1,(anonymous_6)
FNDA:36,(anonymous_7)
DA:13,8
DA:17,1
DA:21,2
DA:25,2
DA:26,2
DA:31,1
DA:33,1
DA:40,12
DA:41,12
DA:43,12
DA:47,12
DA:64,1
DA:70,36
DA:85,5
DA:91,5
LF:15
LH:15
BRDA:25,0,0,2
BRDA:25,0,1,0
BRDA:41,1,0,12
BRDA:41,1,1,0
BRDA:43,2,0,12
BRDA:43,2,1,0
BRDA:43,3,0,12
BRDA:43,3,1,12
BRDA:59,4,0,12
BRDA:59,4,1,2
BRDA:74,5,0,12
BRDA:74,5,1,11
BRF:12
BRH:9
end_of_record
TN:
SF:/Volumes/data/Nanodegree/React/apps/myreads/src/components/Bookshelf.js
FN:5,(anonymous_0)
FN:6,(anonymous_1)
FN:13,(anonymous_2)
FNF:3
FNH:3
FNDA:2,(anonymous_0)
FNDA:6,(anonymous_1)
FNDA:4,(anonymous_2)
DA:5,3
DA:6,6
DA:8,2
DA:14,4
DA:24,3
LF:5
LH:5
BRF:0
BRH:0
end_of_record
TN:
SF:/Volumes/data/Nanodegree/React/apps/myreads/src/pages/HomePage.js
FN:7,(anonymous_0)
FN:14,(anonymous_1)
FNF:2
FNH:2
FNDA:3,(anonymous_0)
FNDA:9,(anonymous_1)
DA:7,2
DA:8,3
DA:15,9
DA:31,2
LF:4
LH:4
BRF:0
BRH:0
end_of_record
TN:
SF:/Volumes/data/Nanodegree/React/apps/myreads/src/pages/SearchPage.js
FN:14,(anonymous_0)
FN:19,(anonymous_1)
FN:29,(anonymous_2)
FN:36,(anonymous_3)
FN:44,(anonymous_4)
FN:50,(anonymous_5)
FN:53,(anonymous_6)
FN:54,(anonymous_7)
FN:79,(anonymous_8)
FN:85,(anonymous_9)
FNF:10
FNH:7
FNDA:7,(anonymous_0)
FNDA:2,(anonymous_1)
FNDA:0,(anonymous_2)
FNDA:0,(anonymous_3)
FNDA:1,(anonymous_4)
FNDA:12,(anonymous_5)
FNDA:2,(anonymous_6)
FNDA:0,(anonymous_7)
FNDA:1,(anonymous_8)
FNDA:2,(anonymous_9)
DA:15,7
DA:16,7
DA:20,2
DA:22,2
DA:23,1
DA:25,1
DA:31,0
DA:33,0
DA:37,0
DA:38,0
DA:40,0
DA:45,1
DA:51,12
DA:53,12
DA:54,2
DA:55,2
DA:57,2
DA:60,12
DA:79,1
DA:86,2
DA:101,2
LF:21
LH:16
BRDA:22,0,0,1
BRDA:22,0,1,1
BRDA:31,1,0,0
BRDA:31,1,1,0
BRDA:37,2,0,0
BRDA:37,2,1,0
BRDA:54,3,0,2
BRDA:54,3,1,2
BRDA:55,4,0,0
BRDA:55,4,1,2
BRF:10
BRH:5
end_of_record
TN:
SF:/Volumes/data/Nanodegree/React/apps/myreads/src/utils/constants.js
FNF:0
FNH:0
DA:1,5
LF:1
LH:1
BRF:0
BRH:0
end_of_record
